c:\users\moosn\onedrive\documents\github\introtocpp_assessment\retrogame\main\main\x64\debug\vc143.pdb
c:\users\moosn\onedrive\documents\github\introtocpp_assessment\retrogame\main\main\x64\debug\vc143.idb
c:\users\s201293\documents\introtocpp_assessment-main\assessment\retrogame\main\main\x64\debug\vc143.pdb
c:\users\s201293\documents\introtocpp_assessment-main\assessment\retrogame\main\main\x64\debug\vc143.idb
c:\users\s201293\documents\introtocpp_assessment-main\assessment\retrogame\main\main\x64\debug\game.obj
c:\users\s201293\documents\introtocpp_assessment-main\assessment\retrogame\main\main\x64\debug\asteroid.obj
c:\users\s201293\documents\introtocpp_assessment-main\assessment\retrogame\main\main\x64\debug\ship.obj
c:\users\s201293\documents\introtocpp_assessment-main\assessment\retrogame\main\main\x64\debug\bullet.obj
c:\users\s201293\documents\introtocpp_assessment-main\assessment\retrogame\main\main\x64\debug\sceneobject.obj
c:\users\s201293\documents\introtocpp_assessment-main\assessment\retrogame\main\main\x64\debug\main.obj
c:\users\s201293\documents\introtocpp_assessment-main\assessment\retrogame\main\main\main\x64\debug\vc143.pdb
c:\users\s201293\documents\introtocpp_assessment-main\assessment\retrogame\main\main\main\x64\debug\vc143.idb
c:\users\s201293\documents\introtocpp_assessment-main\assessment\retrogame\main\main\main\x64\debug\ship.obj
c:\users\s201293\documents\introtocpp_assessment-main\assessment\retrogame\main\main\main\x64\debug\sceneobject.obj
c:\users\s201293\documents\introtocpp_assessment-main\assessment\retrogame\main\main\main\x64\debug\main.obj
c:\users\s201293\documents\introtocpp_assessment-main\assessment\retrogame\main\main\main\x64\debug\game.obj
c:\users\s201293\documents\introtocpp_assessment-main\assessment\retrogame\main\main\main\x64\debug\bullet.obj
c:\users\s201293\documents\introtocpp_assessment-main\assessment\retrogame\main\main\main\x64\debug\asteroid.obj
c:\users\s201293\documents\introtocpp_assessment-main\assessment\retrogame\main\x64\debug\main.exe
c:\users\s201293\documents\introtocpp_assessment-main\assessment\retrogame\main\main\x64\debug\main.ilk
c:\users\s201293\documents\introtocpp_assessment-main\assessment\retrogame\main\x64\debug\main.pdb
c:\users\s201293\documents\introtocpp_assessment-main\assessment\retrogame\main\main\main\x64\debug\main.ilk
c:\users\s201293\documents\introtocpp_assessment-main\assessment\retrogame\main\main\x64\debug\main.exe
c:\users\s201293\documents\introtocpp_assessment-main\assessment\retrogame\main\main\x64\debug\main.pdb
c:\users\s201293\documents\introtocpp_assessment-main\assessment\retrogame\main\main\x64\debug\spriteobject.obj
c:\users\s201293\documents\introtocpp_assessment-main\assessment\retrogame\main\main\x64\debug\game.new.obj.enc
c:\users\s201293\documents\introtocpp_assessment-main\assessment\retrogame\main\main\x64\debug\main.tlog\cl.command.1.tlog
c:\users\s201293\documents\introtocpp_assessment-main\assessment\retrogame\main\main\x64\debug\main.tlog\cl.read.1.tlog
c:\users\s201293\documents\introtocpp_assessment-main\assessment\retrogame\main\main\x64\debug\main.tlog\cl.write.1.tlog
c:\users\s201293\documents\introtocpp_assessment-main\assessment\retrogame\main\main\x64\debug\main.tlog\link.command.1.tlog
c:\users\s201293\documents\introtocpp_assessment-main\assessment\retrogame\main\main\x64\debug\main.tlog\link.read.1.tlog
c:\users\s201293\documents\introtocpp_assessment-main\assessment\retrogame\main\main\x64\debug\main.tlog\link.write.1.tlog
